<?xml version="1.0" encoding="UTF-8"?>
<robot generator="Robot 7.1.1 (Python 3.8.10 on linux)" generated="2024-12-20T10:57:28.877584" rpa="false" schemaversion="5">
<suite id="s1" name="Amazon Testes Gherkin Bdd" source="/home/thiagofb84jp/vscode/udemy/robot-framework/1 - Web-Testing/web-testing/amazon_testes_gherkin_bdd.robot">
<test id="s1-t1" name="Caso de Teste 02 - Pesquisa de um Produto" line="19">
<kw name="Abrir o navegador" owner="amazon_resources" type="SETUP">
<kw name="Open Browser" owner="SeleniumLibrary">
<msg time="2024-12-20T10:57:29.010568" level="INFO">Opening browser 'chrome' to base url 'None'.</msg>
<arg>browser=${BROWSER}</arg>
<doc>Opens a new browser instance to the optional ``url``.</doc>
<status status="PASS" start="2024-12-20T10:57:29.010270" elapsed="0.554974"/>
</kw>
<kw name="Maximize Browser Window" owner="SeleniumLibrary">
<doc>Maximizes current browser window.</doc>
<status status="PASS" start="2024-12-20T10:57:29.565853" elapsed="0.019549"/>
</kw>
<status status="PASS" start="2024-12-20T10:57:29.009459" elapsed="0.576252"/>
</kw>
<kw name="Dado que estou na home page da Amazon.com.br" owner="amazon_resources">
<kw name="Acessar a home page do site Amazon.com.br" owner="amazon_resources">
<kw name="Go To" owner="SeleniumLibrary">
<msg time="2024-12-20T10:57:29.588760" level="INFO">Opening url 'http://www.amazon.com.br'</msg>
<arg>url=${URL}</arg>
<doc>Navigates the current browser window to the provided ``url``.</doc>
<status status="PASS" start="2024-12-20T10:57:29.588403" elapsed="1.854171"/>
</kw>
<kw name="Wait Until Element Is Visible" owner="SeleniumLibrary">
<arg>locator=${MENU_ELETRONICOS}</arg>
<doc>Waits until the element ``locator`` is visible.</doc>
<status status="PASS" start="2024-12-20T10:57:31.442842" elapsed="0.072358"/>
</kw>
<status status="PASS" start="2024-12-20T10:57:29.587965" elapsed="1.927416"/>
</kw>
<kw name="Verificar se o título da página fica &quot;Amazon.com.br | Tudo pra você, de A a Z.&quot;" owner="amazon_resources" source_name="Verificar se o título da página fica &quot;${TITULO}&quot;">
<kw name="Title Should Be" owner="SeleniumLibrary">
<msg time="2024-12-20T10:57:31.527645" level="INFO">Page title is 'Amazon.com.br | Tudo pra você, de A a Z.'.</msg>
<arg>title=${TITULO}</arg>
<doc>Verifies that the current page title equals ``title``.</doc>
<status status="PASS" start="2024-12-20T10:57:31.516100" elapsed="0.011689"/>
</kw>
<status status="PASS" start="2024-12-20T10:57:31.515704" elapsed="0.012233"/>
</kw>
<status status="PASS" start="2024-12-20T10:57:29.586802" elapsed="1.941213"/>
</kw>
<kw name="Quando pesquisar pelo produto &quot;Xbox Series S&quot;" owner="amazon_resources">
<kw name="Digitar o nome de produto &quot;Xbox Series S&quot; no campo de pesquisa" owner="amazon_resources" source_name="Digitar o nome de produto &quot;${NOME_PRODUTO}&quot; no campo de pesquisa">
<kw name="Input Text" owner="SeleniumLibrary">
<msg time="2024-12-20T10:57:31.529373" level="INFO">Typing text 'Xbox Series S' into text field '//input[contains(@type,'text')]'.</msg>
<arg>locator=//input[contains(@type,'text')]</arg>
<arg>text=${NOME_PRODUTO}</arg>
<doc>Types the given ``text`` into the text field identified by ``locator``.</doc>
<status status="PASS" start="2024-12-20T10:57:31.529077" elapsed="0.315863"/>
</kw>
<status status="PASS" start="2024-12-20T10:57:31.528754" elapsed="0.316399"/>
</kw>
<kw name="Clicar no botão de pesquisa" owner="amazon_resources">
<kw name="Click Element" owner="SeleniumLibrary">
<msg time="2024-12-20T10:57:31.846035" level="INFO">Clicking element 'nav-search-submit-button'.</msg>
<arg>locator=nav-search-submit-button</arg>
<doc>Click the element identified by ``locator``.</doc>
<status status="PASS" start="2024-12-20T10:57:31.845796" elapsed="1.840315"/>
</kw>
<status status="PASS" start="2024-12-20T10:57:31.845403" elapsed="1.840997"/>
</kw>
<status status="PASS" start="2024-12-20T10:57:31.528338" elapsed="2.158206"/>
</kw>
<kw name="Então o título da página deve ficar &quot;Amazon.com.br : Xbox Series S&quot;" owner="amazon_resources">
<kw name="Verificar se o título da página fica &quot;Amazon.com.br : Xbox Series S&quot;" owner="amazon_resources" source_name="Verificar se o título da página fica &quot;${TITULO}&quot;">
<kw name="Title Should Be" owner="SeleniumLibrary">
<msg time="2024-12-20T10:57:33.718142" level="INFO">Page title is 'Amazon.com.br : Xbox Series S'.</msg>
<arg>title=${TITULO}</arg>
<doc>Verifies that the current page title equals ``title``.</doc>
<status status="PASS" start="2024-12-20T10:57:33.688589" elapsed="0.029716"/>
</kw>
<status status="PASS" start="2024-12-20T10:57:33.688023" elapsed="0.030451"/>
</kw>
<status status="PASS" start="2024-12-20T10:57:33.687140" elapsed="0.031443"/>
</kw>
<kw name="E um produto da linha &quot;Xbox Series S&quot; deve ser mostrado na página" owner="amazon_resources">
<kw name="Verificar o resultado da pesquisa se está listando o produto &quot;Xbox Series S&quot;" owner="amazon_resources" source_name="Verificar o resultado da pesquisa se está listando o produto &quot;${PRODUTO}&quot;">
<kw name="Wait Until Element Is Visible" owner="SeleniumLibrary">
<arg>locator=//h2[@aria-label='${PRODUTO}']</arg>
<doc>Waits until the element ``locator`` is visible.</doc>
<status status="PASS" start="2024-12-20T10:57:33.720597" elapsed="0.070640"/>
</kw>
<status status="PASS" start="2024-12-20T10:57:33.720025" elapsed="0.071367"/>
</kw>
<status status="PASS" start="2024-12-20T10:57:33.719236" elapsed="0.072225"/>
</kw>
<kw name="Fechar o navegador" owner="amazon_resources" type="TEARDOWN">
<kw name="Capture Page Screenshot" owner="SeleniumLibrary">
<msg time="2024-12-20T10:57:34.022901" level="INFO" html="true">&lt;/td&gt;&lt;/tr&gt;&lt;tr&gt;&lt;td colspan="3"&gt;&lt;a href="selenium-screenshot-20.png"&gt;&lt;img src="selenium-screenshot-20.png" width="800px"&gt;&lt;/a&gt;</msg>
<doc>Takes a screenshot of the current page and embeds it into a log file.</doc>
<status status="PASS" start="2024-12-20T10:57:33.792261" elapsed="0.230868"/>
</kw>
<kw name="Close Browser" owner="SeleniumLibrary">
<doc>Closes the current browser.</doc>
<status status="PASS" start="2024-12-20T10:57:34.023402" elapsed="0.081629"/>
</kw>
<status status="PASS" start="2024-12-20T10:57:33.791876" elapsed="0.313422"/>
</kw>
<doc>Esse teste verifica a busca de um produto</doc>
<tag>busca_produtos</tag>
<tag>lista_busca</tag>
<status status="PASS" start="2024-12-20T10:57:29.008489" elapsed="5.097023"/>
</test>
<doc>Essa suíte testa o site da Amazon.com.br</doc>
<status status="PASS" start="2024-12-20T10:57:28.878523" elapsed="5.227924"/>
</suite>
<statistics>
<total>
<stat pass="1" fail="0" skip="0">All Tests</stat>
</total>
<tag>
<stat pass="1" fail="0" skip="0">busca_produtos</stat>
<stat pass="1" fail="0" skip="0">lista_busca</stat>
</tag>
<suite>
<stat pass="1" fail="0" skip="0" id="s1" name="Amazon Testes Gherkin Bdd">Amazon Testes Gherkin Bdd</stat>
</suite>
</statistics>
<errors>
</errors>
</robot>
